<?xml version="1.0" encoding="UTF-8"?>
<!-- Generated by org.testng.reporters.JUnitXMLReporter -->
<testsuite hostname="cartierauto.local" name="Default test" tests="3" failures="0" timestamp="13 Mar 2015 04:32:49 GMT" time="179.398" errors="0">
  <testcase name="testCheckContact on null(cartier.cartierTest.cartier.ViewAdPageTest)" time="22.151" classname="cartier.cartierTest.cartier.ViewAdPageTest"/>
  <testcase name="testCollect on null(cartier.cartierTest.cartier.ViewAdPageTest)" time="49.451" classname="cartier.cartierTest.cartier.ViewAdPageTest"/>
  <testcase name="testShare on null(cartier.cartierTest.cartier.ViewAdPageTest)" time="33.398" classname="cartier.cartierTest.cartier.ViewAdPageTest"/>
</testsuite> <!-- Default test -->
