<?xml version="1.0" encoding="UTF-8"?>
<testng-results skipped="0" failed="0" total="1" passed="1">
  <reporter-output>
  </reporter-output>
  <suite name="Default suite" duration-ms="92121" started-at="2015-03-16T04:36:16Z" finished-at="2015-03-16T04:37:48Z">
    <groups>
    </groups>
    <test name="Default test" duration-ms="92121" started-at="2015-03-16T04:36:16Z" finished-at="2015-03-16T04:37:48Z">
      <class name="cartier.cartierTest.cartier.FirstPageTest">
        <test-method status="PASS" signature="setUp()[pri:0, instance:cartier.cartierTest.cartier.FirstPageTest@6cd8737]" name="setUp" is-config="true" duration-ms="20422" started-at="2015-03-16T12:36:16Z" finished-at="2015-03-16T12:36:36Z">
          <reporter-output>
          </reporter-output>
        </test-method> <!-- setUp -->
        <test-method status="PASS" signature="testUpButton()[pri:0, instance:cartier.cartierTest.cartier.FirstPageTest@6cd8737]" name="testUpButton" duration-ms="69155" started-at="2015-03-16T12:36:36Z" finished-at="2015-03-16T12:37:45Z">
          <reporter-output>
          </reporter-output>
        </test-method> <!-- testUpButton -->
        <test-method status="PASS" signature="tearDown()[pri:0, instance:cartier.cartierTest.cartier.FirstPageTest@6cd8737]" name="tearDown" is-config="true" duration-ms="2531" started-at="2015-03-16T12:37:45Z" finished-at="2015-03-16T12:37:48Z">
          <reporter-output>
          </reporter-output>
        </test-method> <!-- tearDown -->
      </class> <!-- cartier.cartierTest.cartier.FirstPageTest -->
    </test> <!-- Default test -->
  </suite> <!-- Default suite -->
</testng-results>
